android/app/build/outputs/mapping/release/seeds.txt
com.winjoy.BuildConfig: java.lang.String VERSION_NAME
com.winjoy.BuildConfig: java.lang.String BUILD_TYPE
com.winjoy.BuildConfig: boolean DEBUG
com.winjoy.BuildConfig: java.lang.String API_URL
com.winjoy.BuildConfig: BuildConfig()
com.winjoy.MainActivity
com.winjoy.MainActivity: MainActivity()
com.winjoy.BuildConfig: java.lang.String PRODUCT_IMG
com.winjoy.BuildConfig: java.lang.String Profile_URL
com.winjoy.BuildConfig
com.winjoy.MainApplication: MainApplication()
com.winjoy.BuildConfig: java.lang.String APPLICATION_ID
com.winjoy.MainApplication
com.winjoy.BuildConfig: int VERSION_CODE
...
com.facebook.react.bridge.Arguments: com.facebook.react.bridge.WritableMap createMap()
com.facebook.react.bridge.ProxyJavaScriptExecutor: void close()
com.google.android.material.floatingactionbutton.FloatingActionButton: void setScaleY(float)
com.google.crypto.tink.proto.AesEaxKey: com.google.crypto.tink.shaded.protobuf.ByteString keyValue_
com.facebook.react.views.picker.ReactPicker: void setStagedPrimaryTextColor(java.lang.Integer)
com.facebook.react.uimanager.ViewGroupManager: ViewGroupManager()
androidx.recyclerview.widget.RecyclerView: void markItemDecorInsetsDirty()
okhttp3.Headers$Builder: java.lang.String get(java.lang.String)
com.facebook.fbreact.specs.NativeAnimatedTurboModuleSpec: void dropAnimatedNode(double)
okhttp3.Cache$Entry: Cache$Entry(okio.Source)
com.facebook.react.bridge.ReactMarkerConstants: com.facebook.react.bridge.ReactMarkerConstants PRE_SETUP_REACT_CONTEXT_START
cn.nodemedia.NodePlayerView: void setZoomScale(float)
com.facebook.react.bridge.Inspector$Page: int getId()
okhttp3.Cookie: java.lang.String name()
okhttp3.Cache: void trackResponse(okhttp3.internal.cache.CacheStrategy)
com.facebook.imagepipeline.nativecode.NativeRoundingFilter: void nativeToCircleFilter(android.graphics.Bitmap,boolean)
okhttp3.Response$Builder: okhttp3.Response$Builder body(okhttp3.ResponseBody)
androidx.appcompat.widget.AbsActionBarView: void setVisibility(int)
okhttp3.internal.cache2.Relay: okhttp3.internal.cache2.Relay edit(java.io.File,okio.Source,okio.ByteString,long)
com.facebook.react.bridge.NativeModuleRegistry: java.util.Map getModuleMap()
okhttp3.internal.ws.RealWebSocket$Message
okhttp3.internal.ws.WebSocketWriter$FrameSink: okhttp3.internal.ws.WebSocketWriter this$0
okhttp3.Dispatcher: boolean promoteAndExecute()
com.facebook.react.bridge.ReactMarker: void logMarker(java.lang.String,java.lang.String,int)
androidx.appcompat.widget.SearchView: void setIconified(boolean)
okhttp3.MediaType
com.facebook.react.bridge.JavaJSExecutor
okhttp3.internal.tls.CertificateChainCleaner
com.facebook.fbreact.specs.NativeTimingSpec
com.horcrux.svg.RenderableViewManager: void setStrokeMiterlimit(com.horcrux.svg.RenderableView,float)
com.google.crypto.tink.proto.AesSivKeyFormat
com.horcrux.svg.SvgViewManager: SvgViewManager()
com.google.crypto.tink.proto.AesEaxKey: int version_
com.facebook.react.views.image.ReactImageView: void setBorderRadius(float)
okhttp3.internal.http2.Hpack$Writer: int smallestHeaderTableSizeSetting
okhttp3.RealCall$AsyncCall: void execute()
okhttp3.internal.http2.Http2Connection$ReaderRunnable: void alternateService(int,java.lang.String,okio.ByteString,java.lang.String,int,long)
com.google.android.gms.measurement.internal.AppMeasurementDynamiteService: void setEventInterceptor(com.google.android.gms.internal.measurement.zzci)
okhttp3.OkHttpClient$1: java.io.IOException timeoutExit(okhttp3.Call,java.io.IOException)
androidx.recyclerview.widget.RecyclerView: int[] mReusableIntPair
okhttp3.internal.http2.Http2Stream: void receiveHeaders(java.util.List)
com.google.android.material.button.MaterialButton: void setOnPressedChangeListenerInternal(com.google.android.material.button.MaterialButton$OnPressedChangeListener)
okhttp3.OkHttpClient: int connectTimeout
com.google.android.material.chip.Chip: float getCloseIconStartPadding()
okhttp3.internal.platform.Platform: byte[] concatLengthPrefixed(java.util.List)
com.facebook.react.bridge.ReadableNativeArray: ReadableNativeArray(com.facebook.jni.HybridData)
com.google.android.material.circularreveal.CircularRevealFrameLayout: void setCircularRevealOverlayDrawable(android.graphics.drawable.Drawable)
com.google.android.gms.internal.measurement.zzfk: boolean zzh
okhttp3.internal.connection.RealConnection: void connectTls(okhttp3.internal.connection.ConnectionSpecSelector)
com.facebook.react.bridge.GuardedRunnable: void run()
com.facebook.react.views.text.frescosupport.FrescoBasedReactTextInlineImageShadowNode
okhttp3.RequestBody$1: void writeTo(okio.BufferedSink)