android/app/build/outputs/mapping/release/usage.txt
com.winjoy.R$menu
com.winjoy.R$drawable
com.winjoy.R$bool
com.winjoy.R$attr
com.winjoy.R$id
com.winjoy.R$raw
com.winjoy.R$dimen
com.winjoy.R$style
com.winjoy.R$styleable
com.winjoy.R$interpolator
com.winjoy.R$color
com.winjoy.R$string
com.winjoy.R$plurals
com.winjoy.R$array
com.winjoy.R$anim
com.winjoy.R$layout
com.winjoy.R
com.winjoy.R$integer
com.winjoy.R$xml
com.winjoy.R$mipmap
com.winjoy.R$animator
com.winjoy.MainApplication$1:
    final synthetic com.winjoy.MainApplication this$0
...
com.google.android.gms.auth.api.R$integer
com.google.crypto.tink.subtle.AesCtrHmacStreaming$AesCtrHmacStreamDecrypter
kotlin.sequences.TakeWhileSequence$iterator$1
kotlin.jvm.internal.CollectionToArray:
    private static final java.lang.Object[] toArrayImpl(java.util.Collection,kotlin.jvm.functions.Function0,kotlin.jvm.functions.Function1,kotlin.jvm.functions.Function2)
    private static final int MAX_SIZE
com.google.android.gms.measurement.internal.zzjk:
    protected final void zzt(java.util.concurrent.atomic.AtomicReference,boolean)
com.google.crypto.tink.subtle.Field25519
kotlin.reflect.KProperty0$Getter
kotlin.text.StringsKt__StringsJVMKt
androidx.appcompat.widget.Toolbar:
    private static boolean isCustomView(android.view.View)
    public void setTitleMargin(int,int,int,int)
    public boolean isTitleTruncated()
    public void setContentInsetsAbsolute(int,int)
    private static final java.lang.String TAG
com.google.android.gms.internal.common.zzb:
    protected final void zzb(int,android.os.Parcel)
    protected final void zzc(int,android.os.Parcel)
com.swmansion.gesturehandler.react.R$drawable
com.google.android.gms.stats.zza
com.google.android.gms.auth.api.R$dimen
com.facebook.react.views.text.ReactTypefaceUtils:
    public void <init>()
    public static final int UNSET
com.google.android.material.internal.TextScale
androidx.legacy.content.WakefulBroadcastReceiver:
    private static final java.lang.String EXTRA_WAKE_LOCK_ID
com.facebook.imagepipeline.cache.BitmapMemoryCacheTrimStrategy:
    public double getTrimRatio(com.facebook.common.memory.MemoryTrimType)
    private static final java.lang.String TAG
com.google.android.gms.common.data.DataHolder
kotlin.jvm.internal.ShortCompanionObject
com.google.firebase.crashlytics.ndk.R$id
androidx.core.content.pm.PackageInfoCompat
com.facebook.infer.annotation.TrueOnNull
com.google.firebase.installations.interop.R
com.emeraldsanto.encryptedstorage.R$style
com.facebook.react.devsupport.DevSupportManagerBase$ExceptionLogger
androidx.swiperefreshlayout.widget.CircularProgressDrawable$ProgressDrawableSize
com.google.firebase.crashlytics.internal.model.AutoCrashlyticsReportEncoder:
    public static final int CODEGEN_VERSION
androidx.appcompat.app.ActionBarDrawerToggle$DelegateProvider
com.google.crypto.tink.proto.AesGcmSivKey:
    private void clearVersion()
    private void clearKeyValue()
    public static com.google.crypto.tink.proto.AesGcmSivKey parseFrom(java.nio.ByteBuffer)
    public static com.google.crypto.tink.proto.AesGcmSivKey parseFrom(java.nio.ByteBuffer,com.google.crypto.tink.shaded.protobuf.ExtensionRegistryLite)
    public static com.google.crypto.tink.proto.AesGcmSivKey parseFrom(com.google.crypto.tink.shaded.protobuf.ByteString)
    public static com.google.crypto.tink.proto.AesGcmSivKey parseFrom(byte[])
    public static com.google.crypto.tink.proto.AesGcmSivKey parseFrom(byte[],com.google.crypto.tink.shaded.protobuf.ExtensionRegistryLite)
    public static com.google.crypto.tink.proto.AesGcmSivKey parseFrom(java.io.InputStream)
    public static com.google.crypto.tink.proto.AesGcmSivKey parseFrom(java.io.InputStream,com.google.crypto.tink.shaded.protobuf.ExtensionRegistryLite)
    public static com.google.crypto.tink.proto.AesGcmSivKey parseDelimitedFrom(java.io.InputStream)
    public static com.google.crypto.tink.proto.AesGcmSivKey parseDelimitedFrom(java.io.InputStream,com.google.crypto.tink.shaded.protobuf.ExtensionRegistryLite)
    public static com.google.crypto.tink.proto.AesGcmSivKey parseFrom(com.google.crypto.tink.shaded.protobuf.CodedInputStream)
kotlin.coroutines.experimental.CoroutineContext$Element
com.google.android.gms.auth.api.identity.BeginSignInRequest$Builder
com.lugg.ReactNativeConfig.R$attr
com.google.android.material.expandable.ExpandableWidget:
    public abstract boolean setExpanded(boolean)
androidx.appcompat.widget.AppCompatHintHelper:
    private void <init>()